[0.081s] DEBUG:colcon:Command line arguments: ['/usr/bin/colcon', 'build', '--symlink-install']
[0.081s] DEBUG:colcon:Parsed command line arguments: Namespace(log_base=None, log_level=None, verb_name='build', build_base='build', install_base='install', merge_install=False, symlink_install=True, test_result_base=None, continue_on_error=False, executor='parallel', parallel_workers=14, event_handlers=None, ignore_user_meta=False, metas=['./colcon.meta'], base_paths=['.'], packages_ignore=None, packages_ignore_regex=None, paths=None, packages_up_to=None, packages_up_to_regex=None, packages_above=None, packages_above_and_dependencies=None, packages_above_depth=None, packages_select_by_dep=None, packages_skip_by_dep=None, packages_skip_up_to=None, packages_select_build_failed=False, packages_skip_build_finished=False, packages_select_test_failures=False, packages_skip_test_passed=False, packages_select=None, packages_skip=None, packages_select_regex=None, packages_skip_regex=None, packages_start=None, packages_end=None, allow_overriding=[], cmake_args=None, cmake_target=None, cmake_target_skip_unavailable=False, cmake_clean_cache=False, cmake_clean_first=False, cmake_force_configure=False, ament_cmake_args=None, catkin_cmake_args=None, catkin_skip_building_tests=False, mixin_files=None, mixin=None, verb_parser=<colcon_mixin.mixin.mixin_argument.MixinArgumentDecorator object at 0x762ac795af20>, verb_extension=<colcon_core.verb.build.BuildVerb object at 0x762ac7a67f10>, main=<bound method BuildVerb.main of <colcon_core.verb.build.BuildVerb object at 0x762ac7a67f10>>, mixin_verb=('build',))
[0.175s] Level 1:colcon.colcon_core.package_discovery:discover_packages(colcon_meta) check parameters
[0.175s] Level 1:colcon.colcon_core.package_discovery:discover_packages(recursive) check parameters
[0.175s] Level 1:colcon.colcon_core.package_discovery:discover_packages(ignore) check parameters
[0.175s] Level 1:colcon.colcon_core.package_discovery:discover_packages(path) check parameters
[0.175s] Level 1:colcon.colcon_core.package_discovery:discover_packages(colcon_meta) discover
[0.175s] Level 1:colcon.colcon_core.package_discovery:discover_packages(recursive) discover
[0.175s] INFO:colcon.colcon_core.package_discovery:Crawling recursively for packages in '/home/ssu/yolo_cup_ws'
[0.175s] Level 1:colcon.colcon_core.package_identification:_identify(.) by extensions ['ignore', 'ignore_ament_install']
[0.175s] Level 1:colcon.colcon_core.package_identification:_identify(.) by extension 'ignore'
[0.175s] Level 1:colcon.colcon_core.package_identification:_identify(.) by extension 'ignore_ament_install'
[0.175s] Level 1:colcon.colcon_core.package_identification:_identify(.) by extensions ['colcon_pkg']
[0.175s] Level 1:colcon.colcon_core.package_identification:_identify(.) by extension 'colcon_pkg'
[0.175s] Level 1:colcon.colcon_core.package_identification:_identify(.) by extensions ['colcon_meta']
[0.175s] Level 1:colcon.colcon_core.package_identification:_identify(.) by extension 'colcon_meta'
[0.175s] Level 1:colcon.colcon_core.package_identification:_identify(.) by extensions ['ros']
[0.175s] Level 1:colcon.colcon_core.package_identification:_identify(.) by extension 'ros'
[0.186s] Level 1:colcon.colcon_core.package_identification:_identify(.) by extensions ['cmake', 'python']
[0.186s] Level 1:colcon.colcon_core.package_identification:_identify(.) by extension 'cmake'
[0.186s] Level 1:colcon.colcon_core.package_identification:_identify(.) by extension 'python'
[0.186s] Level 1:colcon.colcon_core.package_identification:_identify(.) by extensions ['python_setup_py']
[0.186s] Level 1:colcon.colcon_core.package_identification:_identify(.) by extension 'python_setup_py'
[0.186s] Level 1:colcon.colcon_core.package_identification:_identify(build) by extensions ['ignore', 'ignore_ament_install']
[0.186s] Level 1:colcon.colcon_core.package_identification:_identify(build) by extension 'ignore'
[0.186s] Level 1:colcon.colcon_core.package_identification:_identify(build) ignored
[0.186s] Level 1:colcon.colcon_core.package_identification:_identify(install) by extensions ['ignore', 'ignore_ament_install']
[0.187s] Level 1:colcon.colcon_core.package_identification:_identify(install) by extension 'ignore'
[0.187s] Level 1:colcon.colcon_core.package_identification:_identify(install) ignored
[0.187s] Level 1:colcon.colcon_core.package_identification:_identify(log) by extensions ['ignore', 'ignore_ament_install']
[0.187s] Level 1:colcon.colcon_core.package_identification:_identify(log) by extension 'ignore'
[0.187s] Level 1:colcon.colcon_core.package_identification:_identify(log) ignored
[0.187s] Level 1:colcon.colcon_core.package_identification:_identify(src) by extensions ['ignore', 'ignore_ament_install']
[0.187s] Level 1:colcon.colcon_core.package_identification:_identify(src) by extension 'ignore'
[0.187s] Level 1:colcon.colcon_core.package_identification:_identify(src) by extension 'ignore_ament_install'
[0.187s] Level 1:colcon.colcon_core.package_identification:_identify(src) by extensions ['colcon_pkg']
[0.187s] Level 1:colcon.colcon_core.package_identification:_identify(src) by extension 'colcon_pkg'
[0.187s] Level 1:colcon.colcon_core.package_identification:_identify(src) by extensions ['colcon_meta']
[0.187s] Level 1:colcon.colcon_core.package_identification:_identify(src) by extension 'colcon_meta'
[0.187s] Level 1:colcon.colcon_core.package_identification:_identify(src) by extensions ['ros']
[0.187s] Level 1:colcon.colcon_core.package_identification:_identify(src) by extension 'ros'
[0.187s] Level 1:colcon.colcon_core.package_identification:_identify(src) by extensions ['cmake', 'python']
[0.187s] Level 1:colcon.colcon_core.package_identification:_identify(src) by extension 'cmake'
[0.187s] Level 1:colcon.colcon_core.package_identification:_identify(src) by extension 'python'
[0.187s] Level 1:colcon.colcon_core.package_identification:_identify(src) by extensions ['python_setup_py']
[0.187s] Level 1:colcon.colcon_core.package_identification:_identify(src) by extension 'python_setup_py'
[0.187s] Level 1:colcon.colcon_core.package_identification:_identify(src/yolo_pick_demo) by extensions ['ignore', 'ignore_ament_install']
[0.187s] Level 1:colcon.colcon_core.package_identification:_identify(src/yolo_pick_demo) by extension 'ignore'
[0.187s] Level 1:colcon.colcon_core.package_identification:_identify(src/yolo_pick_demo) by extension 'ignore_ament_install'
[0.187s] Level 1:colcon.colcon_core.package_identification:_identify(src/yolo_pick_demo) by extensions ['colcon_pkg']
[0.187s] Level 1:colcon.colcon_core.package_identification:_identify(src/yolo_pick_demo) by extension 'colcon_pkg'
[0.187s] Level 1:colcon.colcon_core.package_identification:_identify(src/yolo_pick_demo) by extensions ['colcon_meta']
[0.187s] Level 1:colcon.colcon_core.package_identification:_identify(src/yolo_pick_demo) by extension 'colcon_meta'
[0.187s] Level 1:colcon.colcon_core.package_identification:_identify(src/yolo_pick_demo) by extensions ['ros']
[0.187s] Level 1:colcon.colcon_core.package_identification:_identify(src/yolo_pick_demo) by extension 'ros'
[0.189s] DEBUG:colcon.colcon_core.package_identification:Package 'src/yolo_pick_demo' with type 'ros.ament_python' and name 'yolo_pick_demo'
[0.189s] Level 1:colcon.colcon_core.package_discovery:discover_packages(recursive) using defaults
[0.189s] Level 1:colcon.colcon_core.package_discovery:discover_packages(ignore) discover
[0.189s] Level 1:colcon.colcon_core.package_discovery:discover_packages(ignore) using defaults
[0.189s] Level 1:colcon.colcon_core.package_discovery:discover_packages(path) discover
[0.189s] Level 1:colcon.colcon_core.package_discovery:discover_packages(path) using defaults
[0.199s] Level 1:colcon.colcon_core.package_discovery:discover_packages(prefix_path) check parameters
[0.199s] Level 1:colcon.colcon_core.package_discovery:discover_packages(prefix_path) discover
[0.201s] DEBUG:colcon.colcon_installed_package_information.package_discovery:Found 1 installed packages in /home/ssu/yolo_cup_ws/install
[0.201s] DEBUG:colcon.colcon_installed_package_information.package_discovery:Found 56 installed packages in /home/ssu/ws_moveit/install
[0.202s] DEBUG:colcon.colcon_installed_package_information.package_discovery:Found 23 installed packages in /home/ssu/ros2_ws/install
[0.203s] DEBUG:colcon.colcon_installed_package_information.package_discovery:Found 386 installed packages in /opt/ros/humble
[0.204s] Level 1:colcon.colcon_core.package_discovery:discover_packages(prefix_path) using defaults
[0.227s] Level 5:colcon.colcon_core.verb:set package 'yolo_pick_demo' build argument 'cmake_args' from command line to 'None'
[0.227s] Level 5:colcon.colcon_core.verb:set package 'yolo_pick_demo' build argument 'cmake_target' from command line to 'None'
[0.227s] Level 5:colcon.colcon_core.verb:set package 'yolo_pick_demo' build argument 'cmake_target_skip_unavailable' from command line to 'False'
[0.227s] Level 5:colcon.colcon_core.verb:set package 'yolo_pick_demo' build argument 'cmake_clean_cache' from command line to 'False'
[0.227s] Level 5:colcon.colcon_core.verb:set package 'yolo_pick_demo' build argument 'cmake_clean_first' from command line to 'False'
[0.227s] Level 5:colcon.colcon_core.verb:set package 'yolo_pick_demo' build argument 'cmake_force_configure' from command line to 'False'
[0.227s] Level 5:colcon.colcon_core.verb:set package 'yolo_pick_demo' build argument 'ament_cmake_args' from command line to 'None'
[0.227s] Level 5:colcon.colcon_core.verb:set package 'yolo_pick_demo' build argument 'catkin_cmake_args' from command line to 'None'
[0.227s] Level 5:colcon.colcon_core.verb:set package 'yolo_pick_demo' build argument 'catkin_skip_building_tests' from command line to 'False'
[0.227s] DEBUG:colcon.colcon_core.verb:Building package 'yolo_pick_demo' with the following arguments: {'ament_cmake_args': None, 'build_base': '/home/ssu/yolo_cup_ws/build/yolo_pick_demo', 'catkin_cmake_args': None, 'catkin_skip_building_tests': False, 'cmake_args': None, 'cmake_clean_cache': False, 'cmake_clean_first': False, 'cmake_force_configure': False, 'cmake_target': None, 'cmake_target_skip_unavailable': False, 'install_base': '/home/ssu/yolo_cup_ws/install/yolo_pick_demo', 'merge_install': False, 'path': '/home/ssu/yolo_cup_ws/src/yolo_pick_demo', 'symlink_install': True, 'test_result_base': None}
[0.227s] INFO:colcon.colcon_core.executor:Executing jobs using 'parallel' executor
[0.228s] DEBUG:colcon.colcon_parallel_executor.executor.parallel:run_until_complete
[0.229s] INFO:colcon.colcon_ros.task.ament_python.build:Building ROS package in '/home/ssu/yolo_cup_ws/src/yolo_pick_demo' with build type 'ament_python'
[0.229s] Level 1:colcon.colcon_core.shell:create_environment_hook('yolo_pick_demo', 'ament_prefix_path')
[0.231s] INFO:colcon.colcon_core.plugin_system:Skipping extension 'colcon_core.shell.bat': Not used on non-Windows systems
[0.231s] INFO:colcon.colcon_core.shell:Creating environment hook '/home/ssu/yolo_cup_ws/install/yolo_pick_demo/share/yolo_pick_demo/hook/ament_prefix_path.ps1'
[0.232s] INFO:colcon.colcon_core.shell:Creating environment descriptor '/home/ssu/yolo_cup_ws/install/yolo_pick_demo/share/yolo_pick_demo/hook/ament_prefix_path.dsv'
[0.232s] INFO:colcon.colcon_core.shell:Creating environment hook '/home/ssu/yolo_cup_ws/install/yolo_pick_demo/share/yolo_pick_demo/hook/ament_prefix_path.sh'
[0.232s] INFO:colcon.colcon_core.shell:Skip shell extension 'powershell' for command environment: Not usable outside of PowerShell
[0.232s] DEBUG:colcon.colcon_core.shell:Skip shell extension 'dsv' for command environment
[0.392s] INFO:colcon.colcon_core.task.python.build:Building Python package in '/home/ssu/yolo_cup_ws/src/yolo_pick_demo'
[0.392s] INFO:colcon.colcon_core.shell:Skip shell extension 'powershell' for command environment: Not usable outside of PowerShell
[0.392s] DEBUG:colcon.colcon_core.shell:Skip shell extension 'dsv' for command environment
[0.592s] DEBUG:colcon.colcon_core.event_handler.log_command:Invoking command in '/home/ssu/yolo_cup_ws/build/yolo_pick_demo': PYTHONPATH=/home/ssu/yolo_cup_ws/build/yolo_pick_demo/prefix_override:/usr/lib/python3/dist-packages/colcon_core/task/python/colcon_distutils_commands:/home/ssu/yolo_cup_ws/install/yolo_pick_demo/lib/python3.10/site-packages:${PYTHONPATH} /usr/bin/python3 -W ignore:setup.py install is deprecated -W ignore:easy_install command is deprecated setup.py develop --editable --build-directory /home/ssu/yolo_cup_ws/build/yolo_pick_demo/build --no-deps symlink_data
[0.832s] Level 1:colcon.colcon_core.shell:create_environment_hook('yolo_pick_demo', 'pythonpath_develop')
[0.832s] INFO:colcon.colcon_core.shell:Creating environment hook '/home/ssu/yolo_cup_ws/build/yolo_pick_demo/share/yolo_pick_demo/hook/pythonpath_develop.ps1'
[0.833s] DEBUG:colcon.colcon_core.event_handler.log_command:Invoked command in '/home/ssu/yolo_cup_ws/build/yolo_pick_demo' returned '0': PYTHONPATH=/home/ssu/yolo_cup_ws/build/yolo_pick_demo/prefix_override:/usr/lib/python3/dist-packages/colcon_core/task/python/colcon_distutils_commands:/home/ssu/yolo_cup_ws/install/yolo_pick_demo/lib/python3.10/site-packages:${PYTHONPATH} /usr/bin/python3 -W ignore:setup.py install is deprecated -W ignore:easy_install command is deprecated setup.py develop --editable --build-directory /home/ssu/yolo_cup_ws/build/yolo_pick_demo/build --no-deps symlink_data
[0.835s] INFO:colcon.colcon_core.shell:Creating environment descriptor '/home/ssu/yolo_cup_ws/build/yolo_pick_demo/share/yolo_pick_demo/hook/pythonpath_develop.dsv'
[0.835s] INFO:colcon.colcon_core.shell:Creating environment hook '/home/ssu/yolo_cup_ws/build/yolo_pick_demo/share/yolo_pick_demo/hook/pythonpath_develop.sh'
[0.836s] Level 1:colcon.colcon_core.environment:checking '/home/ssu/yolo_cup_ws/install/yolo_pick_demo' for CMake module files
[0.837s] Level 1:colcon.colcon_core.environment:checking '/home/ssu/yolo_cup_ws/install/yolo_pick_demo' for CMake config files
[0.837s] Level 1:colcon.colcon_core.environment:checking '/home/ssu/yolo_cup_ws/install/yolo_pick_demo/lib'
[0.837s] Level 1:colcon.colcon_core.environment:checking '/home/ssu/yolo_cup_ws/install/yolo_pick_demo/bin'
[0.837s] Level 1:colcon.colcon_core.environment:checking '/home/ssu/yolo_cup_ws/install/yolo_pick_demo/lib/pkgconfig/yolo_pick_demo.pc'
[0.837s] Level 1:colcon.colcon_core.environment:checking '/home/ssu/yolo_cup_ws/install/yolo_pick_demo/lib/python3.10/site-packages'
[0.837s] Level 1:colcon.colcon_core.shell:create_environment_hook('yolo_pick_demo', 'pythonpath')
[0.837s] INFO:colcon.colcon_core.shell:Creating environment hook '/home/ssu/yolo_cup_ws/install/yolo_pick_demo/share/yolo_pick_demo/hook/pythonpath.ps1'
[0.837s] INFO:colcon.colcon_core.shell:Creating environment descriptor '/home/ssu/yolo_cup_ws/install/yolo_pick_demo/share/yolo_pick_demo/hook/pythonpath.dsv'
[0.838s] INFO:colcon.colcon_core.shell:Creating environment hook '/home/ssu/yolo_cup_ws/install/yolo_pick_demo/share/yolo_pick_demo/hook/pythonpath.sh'
[0.838s] Level 1:colcon.colcon_core.environment:checking '/home/ssu/yolo_cup_ws/install/yolo_pick_demo/bin'
[0.838s] Level 1:colcon.colcon_core.environment:create_environment_scripts_only(yolo_pick_demo)
[0.838s] INFO:colcon.colcon_core.shell:Creating package script '/home/ssu/yolo_cup_ws/install/yolo_pick_demo/share/yolo_pick_demo/package.ps1'
[0.839s] INFO:colcon.colcon_core.shell:Creating package descriptor '/home/ssu/yolo_cup_ws/install/yolo_pick_demo/share/yolo_pick_demo/package.dsv'
[0.839s] INFO:colcon.colcon_core.shell:Creating package script '/home/ssu/yolo_cup_ws/install/yolo_pick_demo/share/yolo_pick_demo/package.sh'
[0.839s] INFO:colcon.colcon_core.shell:Creating package script '/home/ssu/yolo_cup_ws/install/yolo_pick_demo/share/yolo_pick_demo/package.bash'
[0.840s] INFO:colcon.colcon_core.shell:Creating package script '/home/ssu/yolo_cup_ws/install/yolo_pick_demo/share/yolo_pick_demo/package.zsh'
[0.840s] Level 1:colcon.colcon_core.environment:create_file_with_runtime_dependencies(/home/ssu/yolo_cup_ws/install/yolo_pick_demo/share/colcon-core/packages/yolo_pick_demo)
[0.840s] DEBUG:colcon.colcon_parallel_executor.executor.parallel:closing loop
[0.840s] DEBUG:colcon.colcon_parallel_executor.executor.parallel:loop closed
[0.840s] DEBUG:colcon.colcon_parallel_executor.executor.parallel:run_until_complete finished with '0'
[0.840s] DEBUG:colcon.colcon_core.event_reactor:joining thread
[0.843s] INFO:colcon.colcon_core.plugin_system:Skipping extension 'colcon_notification.desktop_notification.terminal_notifier': Not used on non-Darwin systems
[0.843s] INFO:colcon.colcon_core.plugin_system:Skipping extension 'colcon_notification.desktop_notification.win32': Not used on non-Windows systems
[0.843s] INFO:colcon.colcon_notification.desktop_notification:Sending desktop notification using 'notify2'
[0.849s] DEBUG:colcon.colcon_core.event_reactor:joined thread
[0.849s] INFO:colcon.colcon_core.shell:Creating prefix script '/home/ssu/yolo_cup_ws/install/local_setup.ps1'
[0.852s] INFO:colcon.colcon_core.shell:Creating prefix util module '/home/ssu/yolo_cup_ws/install/_local_setup_util_ps1.py'
[0.853s] INFO:colcon.colcon_core.shell:Creating prefix chain script '/home/ssu/yolo_cup_ws/install/setup.ps1'
[0.855s] INFO:colcon.colcon_core.shell:Creating prefix script '/home/ssu/yolo_cup_ws/install/local_setup.sh'
[0.856s] INFO:colcon.colcon_core.shell:Creating prefix util module '/home/ssu/yolo_cup_ws/install/_local_setup_util_sh.py'
[0.856s] INFO:colcon.colcon_core.shell:Creating prefix chain script '/home/ssu/yolo_cup_ws/install/setup.sh'
[0.858s] INFO:colcon.colcon_core.shell:Creating prefix script '/home/ssu/yolo_cup_ws/install/local_setup.bash'
[0.858s] INFO:colcon.colcon_core.shell:Creating prefix chain script '/home/ssu/yolo_cup_ws/install/setup.bash'
[0.860s] INFO:colcon.colcon_core.shell:Creating prefix script '/home/ssu/yolo_cup_ws/install/local_setup.zsh'
[0.860s] INFO:colcon.colcon_core.shell:Creating prefix chain script '/home/ssu/yolo_cup_ws/install/setup.zsh'
