[0.341s] Invoking command in '/home/ssu/yolo_cup_ws/build/yolo_pick_demo': PYTHONPATH=/home/ssu/yolo_cup_ws/build/yolo_pick_demo/prefix_override:/usr/lib/python3/dist-packages/colcon_core/task/python/colcon_distutils_commands:/home/ssu/yolo_cup_ws/install/yolo_pick_demo/lib/python3.10/site-packages:${PYTHONPATH} /usr/bin/python3 -W ignore:setup.py install is deprecated -W ignore:easy_install command is deprecated setup.py develop --editable --build-directory /home/ssu/yolo_cup_ws/build/yolo_pick_demo/build --no-deps symlink_data
[0.525s] running develop
[0.610s] running egg_info
[0.610s] creating yolo_pick_demo.egg-info
[0.616s] writing yolo_pick_demo.egg-info/PKG-INFO
[0.616s] writing dependency_links to yolo_pick_demo.egg-info/dependency_links.txt
[0.616s] writing entry points to yolo_pick_demo.egg-info/entry_points.txt
[0.616s] writing requirements to yolo_pick_demo.egg-info/requires.txt
[0.616s] writing top-level names to yolo_pick_demo.egg-info/top_level.txt
[0.616s] writing manifest file 'yolo_pick_demo.egg-info/SOURCES.txt'
[0.616s] reading manifest file 'yolo_pick_demo.egg-info/SOURCES.txt'
[0.616s] writing manifest file 'yolo_pick_demo.egg-info/SOURCES.txt'
[0.616s] running build_ext
[0.616s] Creating /home/ssu/yolo_cup_ws/install/yolo_pick_demo/lib/python3.10/site-packages/yolo-pick-demo.egg-link (link to .)
[0.616s] Installing yolo_cup_uprighting script to /home/ssu/yolo_cup_ws/install/yolo_pick_demo/lib/yolo_pick_demo
[0.616s] Installing yolo_pick_moveit script to /home/ssu/yolo_cup_ws/install/yolo_pick_demo/lib/yolo_pick_demo
[0.616s] 
[0.616s] Installed /home/ssu/yolo_cup_ws/build/yolo_pick_demo
[0.616s] running symlink_data
[0.616s] creating /home/ssu/yolo_cup_ws/install/yolo_pick_demo/share/ament_index
[0.616s] creating /home/ssu/yolo_cup_ws/install/yolo_pick_demo/share/ament_index/resource_index
[0.616s] creating /home/ssu/yolo_cup_ws/install/yolo_pick_demo/share/ament_index/resource_index/packages
[0.616s] symbolically linking /home/ssu/yolo_cup_ws/build/yolo_pick_demo/resource/yolo_pick_demo -> /home/ssu/yolo_cup_ws/install/yolo_pick_demo/share/ament_index/resource_index/packages
[0.616s] creating /home/ssu/yolo_cup_ws/install/yolo_pick_demo/share/yolo_pick_demo/launch
[0.616s] creating /home/ssu/yolo_cup_ws/install/yolo_pick_demo/share/yolo_pick_demo/config
[0.616s] symbolically linking /home/ssu/yolo_cup_ws/build/yolo_pick_demo/config/moveit_py.yaml -> /home/ssu/yolo_cup_ws/install/yolo_pick_demo/share/yolo_pick_demo/config
[0.616s] symbolically linking /home/ssu/yolo_cup_ws/build/yolo_pick_demo/yolo_pick_demo/T_gripper2camera.npy -> /home/ssu/yolo_cup_ws/install/yolo_pick_demo/share/yolo_pick_demo/config
[0.616s] symbolically linking /home/ssu/yolo_cup_ws/build/yolo_pick_demo/package.xml -> /home/ssu/yolo_cup_ws/install/yolo_pick_demo/share/yolo_pick_demo
[0.630s] Invoked command in '/home/ssu/yolo_cup_ws/build/yolo_pick_demo' returned '0': PYTHONPATH=/home/ssu/yolo_cup_ws/build/yolo_pick_demo/prefix_override:/usr/lib/python3/dist-packages/colcon_core/task/python/colcon_distutils_commands:/home/ssu/yolo_cup_ws/install/yolo_pick_demo/lib/python3.10/site-packages:${PYTHONPATH} /usr/bin/python3 -W ignore:setup.py install is deprecated -W ignore:easy_install command is deprecated setup.py develop --editable --build-directory /home/ssu/yolo_cup_ws/build/yolo_pick_demo/build --no-deps symlink_data
